{"level":"info","msg":"1.1.00xc000012c60","time":"2019-10-18T12:29:37+03:00"}
{"level":"info","msg":"Started tssegmenter0xc000012c60","time":"2019-10-18T12:29:37+03:00"}
{"level":"info","msg":"1.1.00xc000012c60","time":"2019-10-18T12:55:19+03:00"}
{"level":"info","msg":"Started tssegmenter0xc000012c60","time":"2019-10-18T12:55:19+03:00"}
{"level":"info","msg":"1.1.00xc000012c60","time":"2019-10-18T13:47:06+03:00"}
{"level":"info","msg":"Started tssegmenter0xc000012c60","time":"2019-10-18T13:47:06+03:00"}
{"level":"info","msg":"CHUNK! At PCRs: 4.721333333333333. ChunkDurS: 3.9999999999999996","time":"2019-10-18T13:47:18+03:00"}
{"level":"info","msg":"CHUNK! At PCRs: 8.721333333333334. ChunkDurS: 4.000000000000001","time":"2019-10-18T13:47:22+03:00"}
{"level":"info","msg":"CHUNK! At PCRs: 12.721333333333334. ChunkDurS: 4","time":"2019-10-18T13:47:26+03:00"}
{"level":"info","msg":"CHUNK! At PCRs: 16.721333333333334. ChunkDurS: 4","time":"2019-10-18T13:47:30+03:00"}
{"level":"info","msg":"CHUNK! At PCRs: 20.721333333333334. ChunkDurS: 4","time":"2019-10-18T13:47:34+03:00"}
{"level":"info","msg":"CHUNK! At PCRs: 24.721333333333334. ChunkDurS: 4","time":"2019-10-18T13:47:38+03:00"}
{"level":"info","msg":"CHUNK! At PCRs: 28.721333333333334. ChunkDurS: 4","time":"2019-10-18T13:47:42+03:00"}
{"level":"info","msg":"CHUNK! At PCRs: 32.721333333333334. ChunkDurS: 4","time":"2019-10-18T13:47:46+03:00"}
{"level":"info","msg":"CHUNK! At PCRs: 36.721333333333334. ChunkDurS: 4","time":"2019-10-18T13:47:50+03:00"}
{"level":"info","msg":"CHUNK! At PCRs: 40.721333333333334. ChunkDurS: 4","time":"2019-10-18T13:47:54+03:00"}
{"level":"info","msg":"1.1.00xc000012c60","time":"2019-10-18T13:48:55+03:00"}
{"level":"info","msg":"Started tssegmenter0xc000012c60","time":"2019-10-18T13:48:55+03:00"}
{"level":"info","msg":"CHUNK! At PCRs: 8.356555555555556. ChunkDurS: 8.333333333333334","time":"2019-10-18T13:50:02+03:00"}
{"level":"info","msg":"CHUNK! At PCRs: 16.689888888888888. ChunkDurS: 8.333333333333332","time":"2019-10-18T13:50:11+03:00"}
{"level":"info","msg":"CHUNK! At PCRs: 25.023222222222223. ChunkDurS: 8.333333333333336","time":"2019-10-18T13:50:19+03:00"}
{"level":"info","msg":"CHUNK! At PCRs: 33.35655555555556. ChunkDurS: 8.333333333333336","time":"2019-10-18T13:50:27+03:00"}
{"level":"info","msg":"CHUNK! At PCRs: 41.68988888888889. ChunkDurS: 8.333333333333329","time":"2019-10-18T13:50:36+03:00"}
{"level":"info","msg":"CHUNK! At PCRs: 50.02322222222222. ChunkDurS: 8.333333333333336","time":"2019-10-18T13:50:44+03:00"}
{"level":"info","msg":"CHUNK! At PCRs: 58.35655555555556. ChunkDurS: 8.333333333333336","time":"2019-10-18T13:50:52+03:00"}
{"level":"info","msg":"CHUNK! At PCRs: 66.68988888888889. ChunkDurS: 8.333333333333329","time":"2019-10-18T13:51:01+03:00"}
{"level":"info","msg":"CHUNK! At PCRs: 75.02322222222222. ChunkDurS: 8.333333333333329","time":"2019-10-18T13:51:09+03:00"}
{"level":"info","msg":"CHUNK! At PCRs: 83.35655555555556. ChunkDurS: 8.333333333333343","time":"2019-10-18T13:51:17+03:00"}
{"level":"info","msg":"CHUNK! At PCRs: 91.68988888888889. ChunkDurS: 8.333333333333329","time":"2019-10-18T13:51:26+03:00"}
{"level":"info","msg":"CHUNK! At PCRs: 100.02322222222222. ChunkDurS: 8.333333333333329","time":"2019-10-18T13:51:34+03:00"}
{"level":"info","msg":"CHUNK! At PCRs: 108.35655555555556. ChunkDurS: 8.333333333333343","time":"2019-10-18T13:51:42+03:00"}
{"level":"info","msg":"CHUNK! At PCRs: 116.68988888888889. ChunkDurS: 8.333333333333329","time":"2019-10-18T13:51:51+03:00"}
{"level":"info","msg":"CHUNK! At PCRs: 125.02322222222222. ChunkDurS: 8.333333333333329","time":"2019-10-18T13:51:59+03:00"}
{"level":"info","msg":"CHUNK! At PCRs: 133.35655555555556. ChunkDurS: 8.333333333333343","time":"2019-10-18T13:52:07+03:00"}
{"level":"info","msg":"CHUNK! At PCRs: 141.6898888888889. ChunkDurS: 8.333333333333343","time":"2019-10-18T13:52:16+03:00"}
{"level":"info","msg":"CHUNK! At PCRs: 150.02322222222222. ChunkDurS: 8.333333333333314","time":"2019-10-18T13:52:24+03:00"}
{"level":"info","msg":"CHUNK! At PCRs: 158.35655555555556. ChunkDurS: 8.333333333333343","time":"2019-10-18T13:52:32+03:00"}
{"level":"info","msg":"Closing process detected EOF","time":"2019-10-18T13:52:34+03:00"}
{"level":"info","msg":"1.1.00xc000012c60","time":"2019-10-18T13:52:49+03:00"}
{"level":"info","msg":"Started tssegmenter0xc000012c60","time":"2019-10-18T13:52:49+03:00"}
{"level":"info","msg":"1.1.00xc000012c60","time":"2019-10-18T14:40:55+03:00"}
{"level":"info","msg":"Started tssegmenter0xc000012c60","time":"2019-10-18T14:40:55+03:00"}
{"level":"info","msg":"1.1.00xc000090c40","time":"2019-10-18T14:47:15+03:00"}
{"level":"info","msg":"Started tssegmenter0xc000090c40","time":"2019-10-18T14:47:15+03:00"}
{"level":"info","msg":"1.1.00xc000012c60","time":"2019-10-18T14:53:07+03:00"}
{"level":"info","msg":"Started tssegmenter0xc000012c60","time":"2019-10-18T14:53:07+03:00"}
{"level":"info","msg":"CHUNK! At PCRs: 8.333333333333334. ChunkDurS: 8.333333333333334","time":"2019-10-18T14:55:13+03:00"}
{"level":"info","msg":"CHUNK! At PCRs: 12.633333333333333. ChunkDurS: 4.299999999999999","time":"2019-10-18T14:55:17+03:00"}
{"level":"info","msg":"CHUNK! At PCRs: 20.5. ChunkDurS: 7.866666666666667","time":"2019-10-18T14:55:25+03:00"}
{"level":"info","msg":"CHUNK! At PCRs: 28.833333333333332. ChunkDurS: 8.333333333333332","time":"2019-10-18T14:55:34+03:00"}
{"level":"info","msg":"CHUNK! At PCRs: 37.166666666666664. ChunkDurS: 8.333333333333332","time":"2019-10-18T14:55:42+03:00"}
{"level":"info","msg":"CHUNK! At PCRs: 45.5. ChunkDurS: 8.333333333333336","time":"2019-10-18T14:55:50+03:00"}
{"level":"info","msg":"CHUNK! At PCRs: 53.833333333333336. ChunkDurS: 8.333333333333336","time":"2019-10-18T14:55:59+03:00"}
{"level":"info","msg":"CHUNK! At PCRs: 62.166666666666664. ChunkDurS: 8.333333333333329","time":"2019-10-18T14:56:07+03:00"}
{"level":"info","msg":"CHUNK! At PCRs: 70.5. ChunkDurS: 8.333333333333336","time":"2019-10-18T14:56:15+03:00"}
{"level":"info","msg":"CHUNK! At PCRs: 78.83333333333333. ChunkDurS: 8.333333333333329","time":"2019-10-18T14:56:24+03:00"}
{"level":"info","msg":"CHUNK! At PCRs: 87.16666666666667. ChunkDurS: 8.333333333333343","time":"2019-10-18T14:56:32+03:00"}
{"level":"info","msg":"Closing process detected EOF","time":"2019-10-18T14:56:37+03:00"}
{"level":"info","msg":"1.1.00xc000012c60","time":"2019-10-22T11:18:26+03:00"}
{"level":"info","msg":"Started tssegmenter0xc000012c60","time":"2019-10-22T11:18:26+03:00"}
{"level":"info","msg":"CHUNK! At PCRs: 8.333333333333334. ChunkDurS: 8.333333333333334","time":"2019-10-22T11:18:58+03:00"}
{"level":"info","msg":"CHUNK! At PCRs: 12.966666666666667. ChunkDurS: 4.633333333333333","time":"2019-10-22T11:19:03+03:00"}
{"level":"info","msg":"CHUNK! At PCRs: 21.3. ChunkDurS: 8.333333333333334","time":"2019-10-22T11:19:11+03:00"}
{"level":"info","msg":"CHUNK! At PCRs: 29.633333333333333. ChunkDurS: 8.333333333333332","time":"2019-10-22T11:19:20+03:00"}
{"level":"info","msg":"CHUNK! At PCRs: 37.96666666666667. ChunkDurS: 8.333333333333336","time":"2019-10-22T11:19:28+03:00"}
{"level":"info","msg":"CHUNK! At PCRs: 46.3. ChunkDurS: 8.333333333333329","time":"2019-10-22T11:19:36+03:00"}
{"level":"info","msg":"CHUNK! At PCRs: 54.63333333333333. ChunkDurS: 8.333333333333336","time":"2019-10-22T11:19:44+03:00"}
{"level":"info","msg":"CHUNK! At PCRs: 62.96666666666667. ChunkDurS: 8.333333333333336","time":"2019-10-22T11:19:53+03:00"}
{"level":"info","msg":"CHUNK! At PCRs: 71.3. ChunkDurS: 8.333333333333329","time":"2019-10-22T11:20:01+03:00"}
{"level":"info","msg":"CHUNK! At PCRs: 79.63333333333334. ChunkDurS: 8.333333333333343","time":"2019-10-22T11:20:10+03:00"}
{"level":"info","msg":"CHUNK! At PCRs: 87.96666666666667. ChunkDurS: 8.333333333333329","time":"2019-10-22T11:20:18+03:00"}
{"level":"info","msg":"CHUNK! At PCRs: 96.3. ChunkDurS: 8.333333333333329","time":"2019-10-22T11:20:26+03:00"}
{"level":"info","msg":"CHUNK! At PCRs: 103.73333333333333. ChunkDurS: 7.433333333333337","time":"2019-10-22T11:20:34+03:00"}
{"level":"info","msg":"Closing process detected EOF","time":"2019-10-22T11:20:36+03:00"}
